[09-Aug-2023 16:42:52 Europe/Berlin] PHP Warning:  Undefined variable $posts in C:\xampp\htdocs\Blog-Api\index.php on line 12
[09-Aug-2023 16:46:57 Europe/Berlin] PHP Warning:  Undefined variable $posts in C:\xampp\htdocs\Blog-Api\index.php on line 12
[09-Aug-2023 16:47:01 Europe/Berlin] PHP Warning:  Undefined variable $posts in C:\xampp\htdocs\Blog-Api\index.php on line 12
[09-Aug-2023 16:47:09 Europe/Berlin] PHP Warning:  Undefined variable $posts in C:\xampp\htdocs\Blog-Api\index.php on line 12
[10-Aug-2023 10:55:51 Europe/Berlin] PHP Fatal error:  Uncaught Error: Class "DatabaseManager" not found in C:\xampp\htdocs\Blog-Api\models\model.php:11
Stack trace:
#0 C:\xampp\htdocs\Blog-Api\controllers\controller.php(52): Post->__construct()
#1 [internal function]: Controller->getPostById(2)
#2 C:\xampp\htdocs\Blog-Api\vendor\bramus\router\src\Bramus\Router\Router.php(458): call_user_func_array(Array, Array)
#3 C:\xampp\htdocs\Blog-Api\vendor\bramus\router\src\Bramus\Router\Router.php(440): Bramus\Router\Router->invoke(Array, Array)
#4 C:\xampp\htdocs\Blog-Api\vendor\bramus\router\src\Bramus\Router\Router.php(287): Bramus\Router\Router->handle(Array, true)
#5 C:\xampp\htdocs\Blog-Api\index.php(14): Bramus\Router\Router->run()
#6 {main}
  thrown in C:\xampp\htdocs\Blog-Api\models\model.php on line 11
[10-Aug-2023 10:55:54 Europe/Berlin] PHP Fatal error:  Uncaught Error: Class "DatabaseManager" not found in C:\xampp\htdocs\Blog-Api\models\model.php:11
Stack trace:
#0 C:\xampp\htdocs\Blog-Api\controllers\controller.php(8): Post->__construct()
#1 [internal function]: Controller->getAllPostsAsJSON()
#2 C:\xampp\htdocs\Blog-Api\vendor\bramus\router\src\Bramus\Router\Router.php(458): call_user_func_array(Array, Array)
#3 C:\xampp\htdocs\Blog-Api\vendor\bramus\router\src\Bramus\Router\Router.php(440): Bramus\Router\Router->invoke(Array, Array)
#4 C:\xampp\htdocs\Blog-Api\vendor\bramus\router\src\Bramus\Router\Router.php(287): Bramus\Router\Router->handle(Array, true)
#5 C:\xampp\htdocs\Blog-Api\index.php(14): Bramus\Router\Router->run()
#6 {main}
  thrown in C:\xampp\htdocs\Blog-Api\models\model.php on line 11
[10-Aug-2023 10:55:58 Europe/Berlin] PHP Fatal error:  Uncaught Error: Class "DatabaseManager" not found in C:\xampp\htdocs\Blog-Api\models\model.php:11
Stack trace:
#0 C:\xampp\htdocs\Blog-Api\controllers\controller.php(8): Post->__construct()
#1 [internal function]: Controller->getAllPostsAsJSON()
#2 C:\xampp\htdocs\Blog-Api\vendor\bramus\router\src\Bramus\Router\Router.php(458): call_user_func_array(Array, Array)
#3 C:\xampp\htdocs\Blog-Api\vendor\bramus\router\src\Bramus\Router\Router.php(440): Bramus\Router\Router->invoke(Array, Array)
#4 C:\xampp\htdocs\Blog-Api\vendor\bramus\router\src\Bramus\Router\Router.php(287): Bramus\Router\Router->handle(Array, true)
#5 C:\xampp\htdocs\Blog-Api\index.php(14): Bramus\Router\Router->run()
#6 {main}
  thrown in C:\xampp\htdocs\Blog-Api\models\model.php on line 11
[10-Aug-2023 10:56:08 Europe/Berlin] PHP Fatal error:  Uncaught Error: Class "DatabaseManager" not found in C:\xampp\htdocs\Blog-Api\models\model.php:11
Stack trace:
#0 C:\xampp\htdocs\Blog-Api\controllers\controller.php(52): Post->__construct()
#1 [internal function]: Controller->getPostById(1)
#2 C:\xampp\htdocs\Blog-Api\vendor\bramus\router\src\Bramus\Router\Router.php(458): call_user_func_array(Array, Array)
#3 C:\xampp\htdocs\Blog-Api\vendor\bramus\router\src\Bramus\Router\Router.php(440): Bramus\Router\Router->invoke(Array, Array)
#4 C:\xampp\htdocs\Blog-Api\vendor\bramus\router\src\Bramus\Router\Router.php(287): Bramus\Router\Router->handle(Array, true)
#5 C:\xampp\htdocs\Blog-Api\index.php(14): Bramus\Router\Router->run()
#6 {main}
  thrown in C:\xampp\htdocs\Blog-Api\models\model.php on line 11
[10-Aug-2023 12:28:06 Europe/Berlin] PHP Fatal error:  Uncaught ArgumentCountError: Too few arguments to function Controller::getPostById(), 1 passed and exactly 2 expected in C:\xampp\htdocs\Blog-Api\controllers\controller.php:47
Stack trace:
#0 [internal function]: Controller->getPostById('1')
#1 C:\xampp\htdocs\Blog-Api\vendor\bramus\router\src\Bramus\Router\Router.php(458): call_user_func_array(Array, Array)
#2 C:\xampp\htdocs\Blog-Api\vendor\bramus\router\src\Bramus\Router\Router.php(440): Bramus\Router\Router->invoke(Array, Array)
#3 C:\xampp\htdocs\Blog-Api\vendor\bramus\router\src\Bramus\Router\Router.php(287): Bramus\Router\Router->handle(Array, true)
#4 C:\xampp\htdocs\Blog-Api\index.php(29): Bramus\Router\Router->run()
#5 {main}
  thrown in C:\xampp\htdocs\Blog-Api\controllers\controller.php on line 47
[10-Aug-2023 12:29:20 Europe/Berlin] PHP Fatal error:  Uncaught ArgumentCountError: Too few arguments to function Controller::getPostById(), 1 passed and exactly 2 expected in C:\xampp\htdocs\Blog-Api\controllers\controller.php:47
Stack trace:
#0 [internal function]: Controller->getPostById('1')
#1 C:\xampp\htdocs\Blog-Api\vendor\bramus\router\src\Bramus\Router\Router.php(458): call_user_func_array(Array, Array)
#2 C:\xampp\htdocs\Blog-Api\vendor\bramus\router\src\Bramus\Router\Router.php(440): Bramus\Router\Router->invoke(Array, Array)
#3 C:\xampp\htdocs\Blog-Api\vendor\bramus\router\src\Bramus\Router\Router.php(287): Bramus\Router\Router->handle(Array, true)
#4 C:\xampp\htdocs\Blog-Api\index.php(29): Bramus\Router\Router->run()
#5 {main}
  thrown in C:\xampp\htdocs\Blog-Api\controllers\controller.php on line 47
[10-Aug-2023 13:57:21 Europe/Berlin] PHP Fatal error:  Uncaught ArgumentCountError: Too few arguments to function Controller::getPostById(), 1 passed and exactly 2 expected in C:\xampp\htdocs\Blog-Api\controllers\controller.php:47
Stack trace:
#0 [internal function]: Controller->getPostById('1')
#1 C:\xampp\htdocs\Blog-Api\vendor\bramus\router\src\Bramus\Router\Router.php(458): call_user_func_array(Array, Array)
#2 C:\xampp\htdocs\Blog-Api\vendor\bramus\router\src\Bramus\Router\Router.php(440): Bramus\Router\Router->invoke(Array, Array)
#3 C:\xampp\htdocs\Blog-Api\vendor\bramus\router\src\Bramus\Router\Router.php(287): Bramus\Router\Router->handle(Array, true)
#4 C:\xampp\htdocs\Blog-Api\index.php(29): Bramus\Router\Router->run()
#5 {main}
  thrown in C:\xampp\htdocs\Blog-Api\controllers\controller.php on line 47
[10-Aug-2023 13:57:35 Europe/Berlin] PHP Fatal error:  Uncaught ArgumentCountError: Too few arguments to function Controller::getPostById(), 1 passed and exactly 2 expected in C:\xampp\htdocs\Blog-Api\controllers\controller.php:47
Stack trace:
#0 [internal function]: Controller->getPostById('1')
#1 C:\xampp\htdocs\Blog-Api\vendor\bramus\router\src\Bramus\Router\Router.php(458): call_user_func_array(Array, Array)
#2 C:\xampp\htdocs\Blog-Api\vendor\bramus\router\src\Bramus\Router\Router.php(440): Bramus\Router\Router->invoke(Array, Array)
#3 C:\xampp\htdocs\Blog-Api\vendor\bramus\router\src\Bramus\Router\Router.php(287): Bramus\Router\Router->handle(Array, true)
#4 C:\xampp\htdocs\Blog-Api\index.php(29): Bramus\Router\Router->run()
#5 {main}
  thrown in C:\xampp\htdocs\Blog-Api\controllers\controller.php on line 47
[10-Aug-2023 15:27:53 Europe/Berlin] PHP Fatal error:  Uncaught TypeError: Cannot access offset of type string on string in C:\xampp\htdocs\Blog-Api\controllers\controller.php:49
Stack trace:
#0 [internal function]: Controller->getPostById('1')
#1 C:\xampp\htdocs\Blog-Api\vendor\bramus\router\src\Bramus\Router\Router.php(458): call_user_func_array(Array, Array)
#2 C:\xampp\htdocs\Blog-Api\vendor\bramus\router\src\Bramus\Router\Router.php(440): Bramus\Router\Router->invoke(Array, Array)
#3 C:\xampp\htdocs\Blog-Api\vendor\bramus\router\src\Bramus\Router\Router.php(287): Bramus\Router\Router->handle(Array, true)
#4 C:\xampp\htdocs\Blog-Api\index.php(56): Bramus\Router\Router->run()
#5 {main}
  thrown in C:\xampp\htdocs\Blog-Api\controllers\controller.php on line 49
